2024-02-05T12:17:02.194Z info: New lead added:
2024-02-05T14:11:32.973Z info: New lead added:
2024-02-05T14:12:34.241Z info: New lead added:
2024-02-05T14:13:08.118Z info: New lead added:
2024-02-05T14:17:23.911Z info: New lead added:
2024-02-05T14:18:34.864Z info: New lead added:
2024-02-05T14:18:56.526Z info: New lead added:
2024-02-05T14:19:34.424Z info: New lead added:
2024-02-05T14:22:25.768Z info: New lead added:
2024-02-06T09:31:50.173Z info: New lead added:
2024-02-06T09:33:22.661Z info: New lead added:
2024-02-06T09:34:42.450Z info: New lead added:
2024-02-06T09:35:17.904Z info: New lead added:
2024-02-06T09:36:36.681Z info: New lead added:
2024-02-06T09:36:51.438Z info: New lead added:
2024-02-06T09:38:01.218Z info: New lead added:
2024-02-06T09:39:04.025Z info: New lead added:
2024-02-06T09:44:37.880Z info: New lead added:
2024-02-06T09:45:20.277Z info: New lead added:
2024-02-06T09:45:48.400Z info: New lead added:
2024-02-06T09:48:27.837Z info: New lead added:
2024-02-06T09:51:43.306Z info: New lead added:
2024-02-06T09:52:55.318Z info: New lead added:
2024-02-08T13:31:01.306Z info: New lead added:
2024-02-08T13:32:17.202Z info: New lead added:
2024-02-08T13:40:19.352Z info: New lead added:
2024-02-08T13:45:32.934Z info: New lead added:
2024-02-08T13:49:17.903Z info: New lead added:
2024-02-08T13:58:44.240Z info: New lead added:
2024-02-08T14:00:12.773Z info: New lead added:
2024-02-09T11:55:04.657Z info: New Meeting added:
2024-02-09T11:56:20.476Z info: New Meeting added:
2024-02-09T11:58:04.191Z info: New Meeting added:
2024-02-09T11:59:20.424Z info: New Meeting added:
2024-02-09T12:01:53.068Z info: New Meeting added:
2024-02-09T12:06:05.081Z info: New Meeting added:
2024-02-09T12:08:22.841Z info: New Meeting added:
2024-02-09T12:09:43.996Z info: New Meeting added:
2024-02-09T12:11:16.915Z info: New Meeting added:
2024-02-09T12:11:33.980Z info: New Meeting added:
2024-02-09T12:11:57.004Z info: New Meeting added:
2024-02-09T12:12:33.376Z info: New Meeting added:
2024-02-09T12:14:21.869Z info: New Meeting added:
2024-02-09T12:16:43.737Z info: New Meeting added:
2024-02-09T12:17:37.611Z info: New Meeting added:
2024-02-09T13:49:11.895Z info: New Meeting added:
2024-02-09T13:52:19.307Z info: New Meeting added:
2024-02-09T13:53:06.184Z info: New Meeting added:
2024-02-09T13:57:33.351Z info: New Meeting added:
2024-02-09T14:11:46.196Z info: New Meeting added:
2024-02-10T10:38:10.006Z info: New Meeting added:
2024-02-11T14:19:50.304Z info: New Reminder added:
2024-02-11T14:52:05.149Z info: New Reminder added:
2024-02-11T15:24:49.616Z info: New Note added:
2024-02-11T15:31:16.598Z info: New Note added:
2024-02-12T08:43:08.531Z info: New Meeting added:
2024-02-12T08:47:59.302Z info: New Meeting added:
2024-02-12T08:59:25.948Z info: New lead added:
2024-02-12T09:00:50.995Z info: New Meeting added:
2024-02-12T09:01:11.914Z info: New Reminder added:
2024-02-12T09:07:12.725Z info: New lead added:
2024-02-12T09:08:18.556Z info: New Meeting added:
2024-02-12T09:08:38.214Z info: New Reminder added:
2024-02-12T09:08:49.680Z info: New Note added:
2024-02-12T12:33:11.875Z info: New lead added:
2024-02-12T12:34:38.673Z info: New lead added:
2024-02-12T12:39:07.285Z info: New lead added:
2024-02-13T11:53:20.142Z info: New Meeting added:
2024-02-13T11:53:40.315Z info: New Meeting added:
2024-02-13T11:54:24.636Z info: New Meeting added:
2024-02-16T08:39:43.614Z info: New lead added:
2024-02-16T08:41:46.222Z info: New lead added:
2024-02-16T08:42:39.860Z info: New lead added:
2024-02-21T12:30:34.018Z info: New Meeting added:
2024-02-21T12:59:05.545Z info: New Reminder added:
2024-02-21T12:59:58.623Z info: New Reminder added:
2024-02-21T13:00:38.688Z info: New Reminder added:
2024-02-21T13:01:18.840Z info: New Reminder added:
2024-02-21T13:01:48.651Z info: New Meeting added:
2024-02-21T13:02:19.151Z info: New Reminder added:
2024-02-21T13:02:45.291Z info: New Meeting added:
2024-02-23T20:18:23.745Z info: New Reminder added:
2024-02-23T20:21:38.358Z info: New Reminder added:
2024-02-27T11:53:38.326Z info: New lead added:
2024-02-27T13:15:06.695Z info: New lead added:
2024-02-27T13:16:35.198Z info: New Reminder added:
2024-02-27T13:17:16.257Z info: New Meeting added:
2024-02-27T14:08:21.832Z info: New lead added:
2024-02-27T14:08:48.609Z info: New Reminder added:
2024-02-27T14:09:21.792Z info: New Meeting added:
2024-03-02T21:26:44.402Z info: New lead added:
2024-03-02T21:28:25.364Z info: New lead added:
2024-03-02T21:32:19.093Z info: New lead added:
2024-03-02T22:35:56.448Z info: New lead added:
2024-03-20T11:42:46.401Z info: New lead added:
2024-03-20T11:46:41.052Z info: New lead added:
2024-03-27T12:51:46.691Z info: New Reminder added:
2024-04-08T07:52:02.957Z info: New lead added:
2024-04-22T07:54:14.388Z info: New Reminder added:
2024-04-22T07:55:22.183Z info: New Meeting added:
2024-05-04T09:42:45.946Z info: New Reminder added:
2024-05-14T15:17:35.561Z info: New lead added:
2024-05-14T22:16:10.295Z info: New lead added:
2024-05-14T22:17:51.650Z info: New lead added:
2024-05-14T22:50:08.744Z info: New Reminder added:
2024-05-14T22:51:24.359Z info: New Reminder added:
2024-05-14T22:52:23.618Z info: New Reminder added:
2024-05-14T22:54:40.788Z info: New Meeting added:
2024-05-14T22:56:20.898Z info: New Meeting added:
2024-05-14T22:57:10.233Z info: New Meeting added:
2024-05-14T22:57:54.016Z info: New Meeting added:
2024-05-14T22:59:10.204Z info: New Reminder added:
2024-05-14T22:59:25.464Z info: New Reminder added:
2024-05-17T12:19:51.364Z info: New lead added:
2024-05-21T07:09:51.845Z info: New Meeting added:
2024-05-21T07:15:38.542Z info: New Meeting added:
2024-05-21T07:17:55.095Z info: New Meeting added:
2024-05-23T13:58:13.693Z info: New lead added:
2024-05-25T06:35:41.277Z info: New lead added:
2024-06-07T08:13:16.613Z info: New lead added:
2024-06-10T13:44:17.852Z info: id:
2024-06-10T13:45:18.545Z info: id:
2024-06-10T13:45:57.721Z info: id:
2024-06-10T13:46:13.099Z info: id:
2024-06-10T13:46:48.670Z info: id:
2024-06-06T09:31:02.460Z info: id:
2024-06-10T13:47:20.029Z info: [object Object]
2024-06-10T13:47:38.034Z info: 666181d6fc27fc22bd29fafe
